-------------------------------------------------------------------------------
Test set: org.example.tests.ObjectPropertyProviderTests
-------------------------------------------------------------------------------
Tests run: 3, Failures: 3, Errors: 0, Skipped: 0, Time elapsed: 0.014 s <<< FAILURE! - in org.example.tests.ObjectPropertyProviderTests
org.example.tests.ObjectPropertyProviderTests.test_It_should_return_public_setters()  Time elapsed: 0.006 s  <<< FAILURE!
java.lang.AssertionError: 

Expected: a collection with size <3>
     but: collection size was <16>
	at org.hamcrest.MatcherAssert.assertThat(MatcherAssert.java:20)
	at org.hamcrest.MatcherAssert.assertThat(MatcherAssert.java:6)
	at org.example.tests.ObjectPropertyProviderTests.test_It_should_return_public_setters(ObjectPropertyProviderTests.java:29)

org.example.tests.ObjectPropertyProviderTests.test_It_should_return_fields_for_public_properties()  Time elapsed: 0 s  <<< FAILURE!
java.lang.AssertionError: 

Expected: a collection with size <4>
     but: collection size was <6>
	at org.hamcrest.MatcherAssert.assertThat(MatcherAssert.java:20)
	at org.hamcrest.MatcherAssert.assertThat(MatcherAssert.java:6)
	at org.example.tests.ObjectPropertyProviderTests.test_It_should_return_fields_for_public_properties(ObjectPropertyProviderTests.java:38)

org.example.tests.ObjectPropertyProviderTests.test_It_should_return_public_getters()  Time elapsed: 0 s  <<< FAILURE!
java.lang.AssertionError: 

Expected: a collection with size <4>
     but: collection size was <16>
	at org.hamcrest.MatcherAssert.assertThat(MatcherAssert.java:20)
	at org.hamcrest.MatcherAssert.assertThat(MatcherAssert.java:6)
	at org.example.tests.ObjectPropertyProviderTests.test_It_should_return_public_getters(ObjectPropertyProviderTests.java:19)

