<?xml version="1.0" encoding="UTF-8"?>
<testsuite xmlns:xsi="http://www.w3.org/2001/XMLSchema-instance" xsi:noNamespaceSchemaLocation="https://maven.apache.org/surefire/maven-surefire-plugin/xsd/surefire-test-report.xsd" name="org.example.tests.ObjectPropertyProviderTests" time="0.014" tests="3" errors="0" skipped="0" failures="3">
  <properties>
[...]
</properties>
  <testcase name="org.example.tests.ObjectPropertyProviderTests.test_It_should_return_public_setters" classname="org.example.tests.ObjectPropertyProviderTests" time="0.006">
    <failure message="&#10;Expected: a collection with size &lt;3&gt;&#10;     but: collection size was &lt;16&gt;" type="java.lang.AssertionError"><![CDATA[java.lang.AssertionError: 

Expected: a collection with size <3>
     but: collection size was <16>
	at org.hamcrest.MatcherAssert.assertThat(MatcherAssert.java:20)
	at org.hamcrest.MatcherAssert.assertThat(MatcherAssert.java:6)
	at org.example.tests.ObjectPropertyProviderTests.test_It_should_return_public_setters(ObjectPropertyProviderTests.java:29)
]]></failure>
  </testcase>
  <testcase name="org.example.tests.ObjectPropertyProviderTests.test_It_should_return_fields_for_public_properties" classname="org.example.tests.ObjectPropertyProviderTests" time="0">
    <failure message="&#10;Expected: a collection with size &lt;4&gt;&#10;     but: collection size was &lt;6&gt;" type="java.lang.AssertionError"><![CDATA[java.lang.AssertionError: 

Expected: a collection with size <4>
     but: collection size was <6>
	at org.hamcrest.MatcherAssert.assertThat(MatcherAssert.java:20)
	at org.hamcrest.MatcherAssert.assertThat(MatcherAssert.java:6)
	at org.example.tests.ObjectPropertyProviderTests.test_It_should_return_fields_for_public_properties(ObjectPropertyProviderTests.java:38)
]]></failure>
  </testcase>
  <testcase name="org.example.tests.ObjectPropertyProviderTests.test_It_should_return_public_getters" classname="org.example.tests.ObjectPropertyProviderTests" time="0">
    <failure message="&#10;Expected: a collection with size &lt;4&gt;&#10;     but: collection size was &lt;16&gt;" type="java.lang.AssertionError"><![CDATA[java.lang.AssertionError: 

Expected: a collection with size <4>
     but: collection size was <16>
	at org.hamcrest.MatcherAssert.assertThat(MatcherAssert.java:20)
	at org.hamcrest.MatcherAssert.assertThat(MatcherAssert.java:6)
	at org.example.tests.ObjectPropertyProviderTests.test_It_should_return_public_getters(ObjectPropertyProviderTests.java:19)
]]></failure>
  </testcase>
</testsuite>