<?xml version="1.0" encoding="UTF-8"?>
<testsuite xmlns:xsi="http://www.w3.org/2001/XMLSchema-instance" xsi:noNamespaceSchemaLocation="https://maven.apache.org/surefire/maven-surefire-plugin/xsd/surefire-test-report.xsd" name="org.example.tests.ObjectPropertyProviderTests" time="0.014" tests="3" errors="0" skipped="0" failures="3">
  <properties>
    <property name="java.specification.version" value="16"/>
    <property name="sun.cpu.isalist" value="amd64"/>
    <property name="sun.jnu.encoding" value="Cp1250"/>
    <property name="java.class.path" value="D:\PJWSTK\JAZ\git\gr5\lab01\target\test-classes;D:\PJWSTK\JAZ\git\gr5\lab01\target\classes;C:\Users\adamu\.m2\repository\org\hamcrest\hamcrest\2.2\hamcrest-2.2.jar;C:\Users\adamu\.m2\repository\org\junit\jupiter\junit-jupiter-api\5.7.1\junit-jupiter-api-5.7.1.jar;C:\Users\adamu\.m2\repository\org\apiguardian\apiguardian-api\1.1.0\apiguardian-api-1.1.0.jar;C:\Users\adamu\.m2\repository\org\opentest4j\opentest4j\1.2.0\opentest4j-1.2.0.jar;C:\Users\adamu\.m2\repository\org\junit\platform\junit-platform-commons\1.7.1\junit-platform-commons-1.7.1.jar;"/>
    <property name="java.vm.vendor" value="Oracle Corporation"/>
    <property name="sun.arch.data.model" value="64"/>
    <property name="user.variant" value=""/>
    <property name="java.vendor.url" value="https://java.oracle.com/"/>
    <property name="user.timezone" value="Europe/Warsaw"/>
    <property name="os.name" value="Windows 10"/>
    <property name="java.vm.specification.version" value="16"/>
    <property name="sun.java.launcher" value="SUN_STANDARD"/>
    <property name="user.country" value="PL"/>
    <property name="sun.boot.library.path" value="D:\PJWSTK\installs\openjdk-16_windows-x64_bin\jdk-16\bin"/>
    <property name="sun.java.command" value="C:\Users\adamu\AppData\Local\Temp\surefire2253104281622203197\surefirebooter6859060417394100715.jar C:\Users\adamu\AppData\Local\Temp\surefire2253104281622203197 2021-10-08T09-25-44_811-jvmRun1 surefire11700652827875126819tmp surefire_04045828806275412372tmp"/>
    <property name="jdk.debug" value="release"/>
    <property name="surefire.test.class.path" value="D:\PJWSTK\JAZ\git\gr5\lab01\target\test-classes;D:\PJWSTK\JAZ\git\gr5\lab01\target\classes;C:\Users\adamu\.m2\repository\org\hamcrest\hamcrest\2.2\hamcrest-2.2.jar;C:\Users\adamu\.m2\repository\org\junit\jupiter\junit-jupiter-api\5.7.1\junit-jupiter-api-5.7.1.jar;C:\Users\adamu\.m2\repository\org\apiguardian\apiguardian-api\1.1.0\apiguardian-api-1.1.0.jar;C:\Users\adamu\.m2\repository\org\opentest4j\opentest4j\1.2.0\opentest4j-1.2.0.jar;C:\Users\adamu\.m2\repository\org\junit\platform\junit-platform-commons\1.7.1\junit-platform-commons-1.7.1.jar;"/>
    <property name="sun.cpu.endian" value="little"/>
    <property name="user.home" value="C:\Users\adamu"/>
    <property name="user.language" value="pl"/>
    <property name="java.specification.vendor" value="Oracle Corporation"/>
    <property name="java.version.date" value="2021-03-16"/>
    <property name="java.home" value="D:\PJWSTK\installs\openjdk-16_windows-x64_bin\jdk-16"/>
    <property name="file.separator" value="\"/>
    <property name="basedir" value="D:\PJWSTK\JAZ\git\gr5\lab01"/>
    <property name="java.vm.compressedOopsMode" value="32-bit"/>
    <property name="line.separator" value="&#10;"/>
    <property name="java.vm.specification.vendor" value="Oracle Corporation"/>
    <property name="java.specification.name" value="Java Platform API Specification"/>
    <property name="surefire.real.class.path" value="C:\Users\adamu\AppData\Local\Temp\surefire2253104281622203197\surefirebooter6859060417394100715.jar"/>
    <property name="user.script" value=""/>
    <property name="sun.management.compiler" value="HotSpot 64-Bit Tiered Compilers"/>
    <property name="java.runtime.version" value="16+36-2231"/>
    <property name="user.name" value="adamu"/>
    <property name="path.separator" value=";"/>
    <property name="os.version" value="10.0"/>
    <property name="java.runtime.name" value="OpenJDK Runtime Environment"/>
    <property name="file.encoding" value="Cp1250"/>
    <property name="java.vm.name" value="OpenJDK 64-Bit Server VM"/>
    <property name="localRepository" value="C:\Users\adamu\.m2\repository"/>
    <property name="java.vendor.url.bug" value="https://bugreport.java.com/bugreport/"/>
    <property name="java.io.tmpdir" value="C:\Users\adamu\AppData\Local\Temp\"/>
    <property name="java.version" value="16"/>
    <property name="user.dir" value="D:\PJWSTK\JAZ\git\gr5\lab01"/>
    <property name="os.arch" value="amd64"/>
    <property name="java.vm.specification.name" value="Java Virtual Machine Specification"/>
    <property name="sun.os.patch.level" value=""/>
    <property name="java.library.path" value="D:\PJWSTK\installs\openjdk-16_windows-x64_bin\jdk-16\bin;C:\WINDOWS\Sun\Java\bin;C:\WINDOWS\system32;C:\WINDOWS;C:\ProgramData\Oracle\Java\javapath;C:\WINDOWS\system32;C:\WINDOWS;C:\WINDOWS\System32\Wbem;C:\WINDOWS\System32\WindowsPowerShell\v1.0\;C:\WINDOWS\System32\OpenSSH\;C:\Program Files\NVIDIA Corporation\NVIDIA NvDLISR;D:\PJWSTK\installs\openjdk-16_windows-x64_bin\jdk-16;D:\PJWSTK\installs\apache-maven-3.6.3-bin\apache-maven-3.6.3\bin;D:\PJWSTK\installs\openjdk-16_windows-x64_bin\jdk-16\bin;C:\Program Files\Git\cmd;C:\Program Files\dotnet\;C:\Program Files\Microsoft SQL Server\130\Tools\Binn\;C:\Program Files\Microsoft SQL Server\Client SDK\ODBC\170\Tools\Binn\;C:\Program Files\MySQL\MySQL Shell 8.0\bin\;C:\Users\adamu\AppData\Local\Microsoft\WindowsApps;C:\Users\adamu\.dotnet\tools;."/>
    <property name="java.vm.info" value="mixed mode, sharing"/>
    <property name="java.vendor" value="Oracle Corporation"/>
    <property name="java.vm.version" value="16+36-2231"/>
    <property name="sun.io.unicode.encoding" value="UnicodeLittle"/>
    <property name="java.class.version" value="60.0"/>
  </properties>
  <testcase name="org.example.tests.ObjectPropertyProviderTests.test_It_should_return_public_setters" classname="org.example.tests.ObjectPropertyProviderTests" time="0.006">
    <failure message="&#10;Expected: a collection with size &lt;3&gt;&#10;     but: collection size was &lt;16&gt;" type="java.lang.AssertionError"><![CDATA[java.lang.AssertionError: 

Expected: a collection with size <3>
     but: collection size was <16>
	at org.hamcrest.MatcherAssert.assertThat(MatcherAssert.java:20)
	at org.hamcrest.MatcherAssert.assertThat(MatcherAssert.java:6)
	at org.example.tests.ObjectPropertyProviderTests.test_It_should_return_public_setters(ObjectPropertyProviderTests.java:29)
]]></failure>
  </testcase>
  <testcase name="org.example.tests.ObjectPropertyProviderTests.test_It_should_return_fields_for_public_properties" classname="org.example.tests.ObjectPropertyProviderTests" time="0">
    <failure message="&#10;Expected: a collection with size &lt;4&gt;&#10;     but: collection size was &lt;6&gt;" type="java.lang.AssertionError"><![CDATA[java.lang.AssertionError: 

Expected: a collection with size <4>
     but: collection size was <6>
	at org.hamcrest.MatcherAssert.assertThat(MatcherAssert.java:20)
	at org.hamcrest.MatcherAssert.assertThat(MatcherAssert.java:6)
	at org.example.tests.ObjectPropertyProviderTests.test_It_should_return_fields_for_public_properties(ObjectPropertyProviderTests.java:38)
]]></failure>
  </testcase>
  <testcase name="org.example.tests.ObjectPropertyProviderTests.test_It_should_return_public_getters" classname="org.example.tests.ObjectPropertyProviderTests" time="0">
    <failure message="&#10;Expected: a collection with size &lt;4&gt;&#10;     but: collection size was &lt;16&gt;" type="java.lang.AssertionError"><![CDATA[java.lang.AssertionError: 

Expected: a collection with size <4>
     but: collection size was <16>
	at org.hamcrest.MatcherAssert.assertThat(MatcherAssert.java:20)
	at org.hamcrest.MatcherAssert.assertThat(MatcherAssert.java:6)
	at org.example.tests.ObjectPropertyProviderTests.test_It_should_return_public_getters(ObjectPropertyProviderTests.java:19)
]]></failure>
  </testcase>
</testsuite>